<?xml version="1.0" encoding="UTF-8"?>
<testsuite name="Scenario: Search for Caps through API" tests="7" skipped="0" failures="0" errors="0" timestamp="2017-10-31T17:33:17" hostname="LAPTOP-B9OKQV8J" time="10.772">
  <properties/>
  <testcase name="Given John is a Etsy customer" classname="Scenario: Search for Caps through API" time="0.0"/>
  <testcase name="When he makes a GET request to landing page" classname="Scenario: Search for Caps through API" time="0.0"/>
  <testcase name="Then api should return response code 200" classname="Scenario: Search for Caps through API" time="0.0"/>
  <testcase name="When he makes a search for keyword shoe shine" classname="Scenario: Search for Caps through API" time="0.004"/>
  <testcase name="Then api should return response code 200" classname="Scenario: Search for Caps through API" time="0.003"/>
  <testcase name="And system should return below values in the result" classname="Scenario: Search for Caps through API" time="0.004"/>
  <testcase name="classMethod" classname="Scenario: Search for Caps through API" time="11.807"/>
  <system-out><![CDATA[]]></system-out>
  <system-err><![CDATA[[Test worker] INFO net.serenitybdd.core.Serenity - 
 _____ _____ ____ _____   ____ _____  _    ____ _____ _____ ____  
|_   _| ____/ ___|_   _| / ___|_   _|/ \  |  _ \_   _| ____|  _ \ 
  | | |  _| \___ \ | |   \___ \ | | / _ \ | |_) || | |  _| | | | |
  | | | |___ ___) || |    ___) || |/ ___ \|  _ < | | | |___| |_| |
  |_| |_____|____/ |_|   |____/ |_/_/   \_\_| \_\|_| |_____|____/ 
                                                                  

TEST STARTED: Search for Caps through API
-------------------------------------------------------------------(product-search-via-api;search-for-caps-through-api)
[Test worker] ERROR net.thucydides.core.model.TestOutcome - Tag provider net.thucydides.core.requirements.FileSystemRequirementsTagProvider@2bbb0fae failure
java.lang.NoSuchMethodError: cucumber.runtime.model.CucumberFeature.load(Lcucumber/runtime/io/ResourceLoader;Ljava/util/List;)Ljava/util/List;
	at net.thucydides.core.requirements.model.cucumber.CucumberParser.loadFeatureNarrative(CucumberParser.java:47)
	at net.thucydides.core.requirements.FileSystemRequirementsTagProvider.loadFromFeatureFile(FileSystemRequirementsTagProvider.java:527)
	at net.thucydides.core.requirements.FileSystemRequirementsTagProvider.readRequirementsFromStoryOrFeatureFile(FileSystemRequirementsTagProvider.java:494)
	at java.util.stream.ReferencePipeline$3$1.accept(ReferencePipeline.java:193)
	at java.util.Spliterators$ArraySpliterator.forEachRemaining(Spliterators.java:948)
	at java.util.stream.AbstractPipeline.copyInto(AbstractPipeline.java:481)
	at java.util.stream.AbstractPipeline.wrapAndCopyInto(AbstractPipeline.java:471)
	at java.util.stream.ReduceOps$ReduceOp.evaluateSequential(ReduceOps.java:708)
	at java.util.stream.AbstractPipeline.evaluate(AbstractPipeline.java:234)
	at java.util.stream.ReferencePipeline.collect(ReferencePipeline.java:499)
	at net.thucydides.core.requirements.FileSystemRequirementsTagProvider.loadStoriesFrom(FileSystemRequirementsTagProvider.java:475)
	at net.thucydides.core.requirements.FileSystemRequirementsTagProvider.getRequirements(FileSystemRequirementsTagProvider.java:133)
	at net.thucydides.core.requirements.FileSystemRequirementsTagProvider.requirementWithMatchingFeatureFile(FileSystemRequirementsTagProvider.java:222)
	at net.thucydides.core.requirements.FileSystemRequirementsTagProvider.getTagsFor(FileSystemRequirementsTagProvider.java:196)
	at net.thucydides.core.model.TestOutcome.getTagsUsingTagProviders(TestOutcome.java:1690)
	at net.thucydides.core.model.TestOutcome.getTags(TestOutcome.java:1675)
	at net.thucydides.core.model.TestOutcome.addTags(TestOutcome.java:1720)
	at net.thucydides.core.steps.StepEventBus.addTagsToCurrentTest(StepEventBus.java:557)
	at net.serenitybdd.cucumber.SerenityReporter.startScenario(SerenityReporter.java:324)
	at net.serenitybdd.cucumber.SerenityReporter.startOfScenarioLifeCycle(SerenityReporter.java:313)
	at sun.reflect.NativeMethodAccessorImpl.invoke0(Native Method)
	at sun.reflect.NativeMethodAccessorImpl.invoke(NativeMethodAccessorImpl.java:62)
	at sun.reflect.DelegatingMethodAccessorImpl.invoke(DelegatingMethodAccessorImpl.java:43)
	at java.lang.reflect.Method.invoke(Method.java:498)
	at cucumber.runtime.Utils$1.call(Utils.java:40)
	at cucumber.runtime.Timeout.timeout(Timeout.java:16)
	at cucumber.runtime.Utils.invoke(Utils.java:34)
	at cucumber.runtime.RuntimeOptions$1.invoke(RuntimeOptions.java:294)
	at com.sun.proxy.$Proxy24.startOfScenarioLifeCycle(Unknown Source)
	at cucumber.runtime.junit.JUnitReporter.startOfScenarioLifeCycle(JUnitReporter.java:238)
	at cucumber.runtime.model.CucumberScenario.run(CucumberScenario.java:39)
	at cucumber.runtime.junit.ExecutionUnitRunner.run(ExecutionUnitRunner.java:102)
	at cucumber.runtime.junit.FeatureRunner.runChild(FeatureRunner.java:63)
	at cucumber.runtime.junit.FeatureRunner.runChild(FeatureRunner.java:18)
	at org.junit.runners.ParentRunner$3.run(ParentRunner.java:290)
	at org.junit.runners.ParentRunner$1.schedule(ParentRunner.java:71)
	at org.junit.runners.ParentRunner.runChildren(ParentRunner.java:288)
	at org.junit.runners.ParentRunner.access$000(ParentRunner.java:58)
	at org.junit.runners.ParentRunner$2.evaluate(ParentRunner.java:268)
	at org.junit.runners.ParentRunner.run(ParentRunner.java:363)
	at cucumber.runtime.junit.FeatureRunner.run(FeatureRunner.java:70)
	at cucumber.api.junit.Cucumber.runChild(Cucumber.java:95)
	at cucumber.api.junit.Cucumber.runChild(Cucumber.java:38)
	at org.junit.runners.ParentRunner$3.run(ParentRunner.java:290)
	at org.junit.runners.ParentRunner$1.schedule(ParentRunner.java:71)
	at org.junit.runners.ParentRunner.runChildren(ParentRunner.java:288)
	at org.junit.runners.ParentRunner.access$000(ParentRunner.java:58)
	at org.junit.runners.ParentRunner$2.evaluate(ParentRunner.java:268)
	at org.junit.runners.ParentRunner.run(ParentRunner.java:363)
	at cucumber.api.junit.Cucumber.run(Cucumber.java:100)
	at org.gradle.api.internal.tasks.testing.junit.JUnitTestClassExecuter.runTestClass(JUnitTestClassExecuter.java:114)
	at org.gradle.api.internal.tasks.testing.junit.JUnitTestClassExecuter.execute(JUnitTestClassExecuter.java:57)
	at org.gradle.api.internal.tasks.testing.junit.JUnitTestClassProcessor.processTestClass(JUnitTestClassProcessor.java:66)
	at org.gradle.api.internal.tasks.testing.SuiteTestClassProcessor.processTestClass(SuiteTestClassProcessor.java:51)
	at sun.reflect.NativeMethodAccessorImpl.invoke0(Native Method)
	at sun.reflect.NativeMethodAccessorImpl.invoke(NativeMethodAccessorImpl.java:62)
	at sun.reflect.DelegatingMethodAccessorImpl.invoke(DelegatingMethodAccessorImpl.java:43)
	at java.lang.reflect.Method.invoke(Method.java:498)
	at org.gradle.internal.dispatch.ReflectionDispatch.dispatch(ReflectionDispatch.java:35)
	at org.gradle.internal.dispatch.ReflectionDispatch.dispatch(ReflectionDispatch.java:24)
	at org.gradle.internal.dispatch.ContextClassLoaderDispatch.dispatch(ContextClassLoaderDispatch.java:32)
	at org.gradle.internal.dispatch.ProxyDispatchAdapter$DispatchingInvocationHandler.invoke(ProxyDispatchAdapter.java:93)
	at com.sun.proxy.$Proxy1.processTestClass(Unknown Source)
	at org.gradle.api.internal.tasks.testing.worker.TestWorker.processTestClass(TestWorker.java:108)
	at sun.reflect.NativeMethodAccessorImpl.invoke0(Native Method)
	at sun.reflect.NativeMethodAccessorImpl.invoke(NativeMethodAccessorImpl.java:62)
	at sun.reflect.DelegatingMethodAccessorImpl.invoke(DelegatingMethodAccessorImpl.java:43)
	at java.lang.reflect.Method.invoke(Method.java:498)
	at org.gradle.internal.dispatch.ReflectionDispatch.dispatch(ReflectionDispatch.java:35)
	at org.gradle.internal.dispatch.ReflectionDispatch.dispatch(ReflectionDispatch.java:24)
	at org.gradle.internal.remote.internal.hub.MessageHubBackedObjectConnection$DispatchWrapper.dispatch(MessageHubBackedObjectConnection.java:146)
	at org.gradle.internal.remote.internal.hub.MessageHubBackedObjectConnection$DispatchWrapper.dispatch(MessageHubBackedObjectConnection.java:128)
	at org.gradle.internal.remote.internal.hub.MessageHub$Handler.run(MessageHub.java:404)
	at org.gradle.internal.concurrent.ExecutorPolicy$CatchAndRecordFailures.onExecute(ExecutorPolicy.java:63)
	at org.gradle.internal.concurrent.ManagedExecutorImpl$1.run(ManagedExecutorImpl.java:46)
	at java.util.concurrent.ThreadPoolExecutor.runWorker(ThreadPoolExecutor.java:1142)
	at java.util.concurrent.ThreadPoolExecutor$Worker.run(ThreadPoolExecutor.java:617)
	at org.gradle.internal.concurrent.ThreadFactoryImpl$ManagedThreadRunnable.run(ThreadFactoryImpl.java:55)
	at java.lang.Thread.run(Thread.java:745)
]]></system-err>
</testsuite>
